<?xml version="1.0" encoding="UTF-8"?>
<testng-results skipped="0" failed="0" ignored="0" total="1" passed="1">
  <reporter-output>
  </reporter-output>
  <suite name="Suite1" duration-ms="3664" started-at="2018-05-22T17:30:37Z" finished-at="2018-05-22T17:30:41Z">
    <groups>
      <group name="cucumber">
        <method signature="AbstractTestNGCucumberTests.feature(cucumber.api.testng.CucumberFeatureWrapper)[pri:0, instance:demo.web.test.fr.DemoWebAppFunctionalTestRunner@26f67b76]" name="feature" class="cucumber.api.testng.AbstractTestNGCucumberTests"/>
      </group> <!-- cucumber -->
    </groups>
    <test name="Test1" duration-ms="3664" started-at="2018-05-22T17:30:37Z" finished-at="2018-05-22T17:30:41Z">
      <class name="demo.web.test.fr.DemoWebAppFunctionalTestRunner">
        <test-method status="PASS" signature="setUpClass()[pri:0, instance:demo.web.test.fr.DemoWebAppFunctionalTestRunner@26f67b76]" name="setUpClass" is-config="true" duration-ms="279" started-at="2018-05-22T17:30:37Z" finished-at="2018-05-22T17:30:38Z">
          <reporter-output>
          </reporter-output>
        </test-method> <!-- setUpClass -->
        <test-method status="PASS" signature="feature(cucumber.api.testng.CucumberFeatureWrapper)[pri:0, instance:demo.web.test.fr.DemoWebAppFunctionalTestRunner@26f67b76]" name="feature" duration-ms="3256" started-at="2018-05-22T17:30:38Z" description="Runs Cucumber Feature" data-provider="features" finished-at="2018-05-22T17:30:41Z">
          <params>
            <param index="0">
              <value>
                <![CDATA[Validate the web site pages]]>
              </value>
            </param>
          </params>
          <reporter-output>
          </reporter-output>
        </test-method> <!-- feature -->
        <test-method status="PASS" signature="tearDownClass()[pri:0, instance:demo.web.test.fr.DemoWebAppFunctionalTestRunner@26f67b76]" name="tearDownClass" is-config="true" duration-ms="15" started-at="2018-05-22T17:30:41Z" finished-at="2018-05-22T17:30:41Z">
          <reporter-output>
          </reporter-output>
        </test-method> <!-- tearDownClass -->
      </class> <!-- demo.web.test.fr.DemoWebAppFunctionalTestRunner -->
    </test> <!-- Test1 -->
  </suite> <!-- Suite1 -->
</testng-results>
